2026-03-30T09:26:20.2004566Z Current runner version: '2.333.0'
2026-03-30T09:26:20.2041034Z ##[group]Runner Image Provisioner
2026-03-30T09:26:20.2042338Z Hosted Compute Agent
2026-03-30T09:26:20.2043404Z Version: 20260213.493
2026-03-30T09:26:20.2044461Z Commit: 5c115507f6dd24b8de37d8bbe0bb4509d0cc0fa3
2026-03-30T09:26:20.2045759Z Build Date: 2026-02-13T00:28:41Z
2026-03-30T09:26:20.2046811Z Worker ID: {4b0bcfed-f24a-4f9d-9393-5299ba6cf8ad}
2026-03-30T09:26:20.2048026Z Azure Region: eastus2
2026-03-30T09:26:20.2048934Z ##[endgroup]
2026-03-30T09:26:20.2051956Z ##[group]Operating System
2026-03-30T09:26:20.2053094Z Ubuntu
2026-03-30T09:26:20.2053849Z 24.04.4
2026-03-30T09:26:20.2054745Z LTS
2026-03-30T09:26:20.2055528Z ##[endgroup]
2026-03-30T09:26:20.2056379Z ##[group]Runner Image
2026-03-30T09:26:20.2057344Z Image: ubuntu-24.04
2026-03-30T09:26:20.2058223Z Version: 20260323.65.1
2026-03-30T09:26:20.2060617Z Included Software: https://github.com/actions/runner-images/blob/ubuntu24/20260323.65/images/ubuntu/Ubuntu2404-Readme.md
2026-03-30T09:26:20.2063278Z Image Release: https://github.com/actions/runner-images/releases/tag/ubuntu24%2F20260323.65
2026-03-30T09:26:20.2065024Z ##[endgroup]
2026-03-30T09:26:20.2066827Z ##[group]GITHUB_TOKEN Permissions
2026-03-30T09:26:20.2070018Z Contents: write
2026-03-30T09:26:20.2071228Z Metadata: read
2026-03-30T09:26:20.2072001Z ##[endgroup]
2026-03-30T09:26:20.2074951Z Secret source: Actions
2026-03-30T09:26:20.2075976Z Prepare workflow directory
2026-03-30T09:26:20.2558013Z Prepare all required actions
2026-03-30T09:26:20.2615399Z Getting action download info
2026-03-30T09:26:20.4882545Z Download action repository 'actions/checkout@692973e3d937129bcbf40652eb9f2f61becf3332' (SHA:692973e3d937129bcbf40652eb9f2f61becf3332)
2026-03-30T09:26:20.7751260Z Complete job name: Update Latest Commit
2026-03-30T09:26:20.8437799Z ##[group]Run actions/checkout@692973e3d937129bcbf40652eb9f2f61becf3332
2026-03-30T09:26:20.8438809Z with:
2026-03-30T09:26:20.8439216Z   repository: pkinerd/hpoll
2026-03-30T09:26:20.8439844Z   token: ***
2026-03-30T09:26:20.8440239Z   ssh-strict: true
2026-03-30T09:26:20.8440971Z   ssh-user: git
2026-03-30T09:26:20.8441394Z   persist-credentials: true
2026-03-30T09:26:20.8441834Z   clean: true
2026-03-30T09:26:20.8442245Z   sparse-checkout-cone-mode: true
2026-03-30T09:26:20.8442728Z   fetch-depth: 1
2026-03-30T09:26:20.8443127Z   fetch-tags: false
2026-03-30T09:26:20.8443533Z   show-progress: true
2026-03-30T09:26:20.8443937Z   lfs: false
2026-03-30T09:26:20.8444308Z   submodules: false
2026-03-30T09:26:20.8444909Z   set-safe-directory: true
2026-03-30T09:26:20.8445815Z ##[endgroup]
2026-03-30T09:26:20.9524382Z Syncing repository: pkinerd/hpoll
2026-03-30T09:26:20.9526213Z ##[group]Getting Git version info
2026-03-30T09:26:20.9526939Z Working directory is '/home/runner/work/hpoll/hpoll'
2026-03-30T09:26:20.9527839Z [command]/usr/bin/git version
2026-03-30T09:26:20.9570747Z git version 2.53.0
2026-03-30T09:26:20.9596124Z ##[endgroup]
2026-03-30T09:26:20.9610017Z Temporarily overriding HOME='/home/runner/work/_temp/ad6c5ca5-2dea-4e50-841c-68a63a224be4' before making global git config changes
2026-03-30T09:26:20.9612443Z Adding repository directory to the temporary git global config as a safe directory
2026-03-30T09:26:20.9615085Z [command]/usr/bin/git config --global --add safe.directory /home/runner/work/hpoll/hpoll
2026-03-30T09:26:20.9645500Z Deleting the contents of '/home/runner/work/hpoll/hpoll'
2026-03-30T09:26:20.9648902Z ##[group]Initializing the repository
2026-03-30T09:26:20.9653030Z [command]/usr/bin/git init /home/runner/work/hpoll/hpoll
2026-03-30T09:26:20.9757519Z hint: Using 'master' as the name for the initial branch. This default branch name
2026-03-30T09:26:20.9759124Z hint: will change to "main" in Git 3.0. To configure the initial branch name
2026-03-30T09:26:20.9760240Z hint: to use in all of your new repositories, which will suppress this warning,
2026-03-30T09:26:20.9761228Z hint: call:
2026-03-30T09:26:20.9761602Z hint:
2026-03-30T09:26:20.9762071Z hint: 	git config --global init.defaultBranch <name>
2026-03-30T09:26:20.9762898Z hint:
2026-03-30T09:26:20.9763440Z hint: Names commonly chosen instead of 'master' are 'main', 'trunk' and
2026-03-30T09:26:20.9764485Z hint: 'development'. The just-created branch can be renamed via this command:
2026-03-30T09:26:20.9765175Z hint:
2026-03-30T09:26:20.9765549Z hint: 	git branch -m <name>
2026-03-30T09:26:20.9765983Z hint:
2026-03-30T09:26:20.9766546Z hint: Disable this message with "git config set advice.defaultBranchName false"
2026-03-30T09:26:20.9767473Z Initialized empty Git repository in /home/runner/work/hpoll/hpoll/.git/
2026-03-30T09:26:20.9771041Z [command]/usr/bin/git remote add origin https://github.com/pkinerd/hpoll
2026-03-30T09:26:20.9800993Z ##[endgroup]
2026-03-30T09:26:20.9801746Z ##[group]Disabling automatic garbage collection
2026-03-30T09:26:20.9806644Z [command]/usr/bin/git config --local gc.auto 0
2026-03-30T09:26:20.9834765Z ##[endgroup]
2026-03-30T09:26:20.9835982Z ##[group]Setting up auth
2026-03-30T09:26:20.9842339Z [command]/usr/bin/git config --local --name-only --get-regexp core\.sshCommand
2026-03-30T09:26:20.9872762Z [command]/usr/bin/git submodule foreach --recursive sh -c "git config --local --name-only --get-regexp 'core\.sshCommand' && git config --local --unset-all 'core.sshCommand' || :"
2026-03-30T09:26:21.0149737Z [command]/usr/bin/git config --local --name-only --get-regexp http\.https\:\/\/github\.com\/\.extraheader
2026-03-30T09:26:21.0180296Z [command]/usr/bin/git submodule foreach --recursive sh -c "git config --local --name-only --get-regexp 'http\.https\:\/\/github\.com\/\.extraheader' && git config --local --unset-all 'http.https://github.com/.extraheader' || :"
2026-03-30T09:26:21.0403983Z [command]/usr/bin/git config --local http.https://github.com/.extraheader AUTHORIZATION: basic ***
2026-03-30T09:26:21.0437959Z ##[endgroup]
2026-03-30T09:26:21.0439203Z ##[group]Fetching the repository
2026-03-30T09:26:21.0448142Z [command]/usr/bin/git -c protocol.version=2 fetch --no-tags --prune --no-recurse-submodules --depth=1 origin +1e5569bfb76f1c5dde10eace1c8ffc17bb33c6d4:refs/remotes/pull/77/merge
2026-03-30T09:26:21.3065676Z From https://github.com/pkinerd/hpoll
2026-03-30T09:26:21.3067298Z  * [new ref]         1e5569bfb76f1c5dde10eace1c8ffc17bb33c6d4 -> pull/77/merge
2026-03-30T09:26:21.3094312Z ##[endgroup]
2026-03-30T09:26:21.3095697Z ##[group]Determining the checkout info
2026-03-30T09:26:21.3097379Z ##[endgroup]
2026-03-30T09:26:21.3103059Z [command]/usr/bin/git sparse-checkout disable
2026-03-30T09:26:21.3137843Z [command]/usr/bin/git config --local --unset-all extensions.worktreeConfig
2026-03-30T09:26:21.3169203Z ##[group]Checking out the ref
2026-03-30T09:26:21.3170141Z [command]/usr/bin/git checkout --progress --force refs/remotes/pull/77/merge
2026-03-30T09:26:21.3304814Z Note: switching to 'refs/remotes/pull/77/merge'.
2026-03-30T09:26:21.3305666Z 
2026-03-30T09:26:21.3306108Z You are in 'detached HEAD' state. You can look around, make experimental
2026-03-30T09:26:21.3307086Z changes and commit them, and you can discard any commits you make in this
2026-03-30T09:26:21.3308278Z state without impacting any branches by switching back to a branch.
2026-03-30T09:26:21.3309396Z 
2026-03-30T09:26:21.3310140Z If you want to create a new branch to retain commits you create, you may
2026-03-30T09:26:21.3312265Z do so (now or later) by using -c with the switch command. Example:
2026-03-30T09:26:21.3313297Z 
2026-03-30T09:26:21.3313687Z   git switch -c <new-branch-name>
2026-03-30T09:26:21.3314336Z 
2026-03-30T09:26:21.3314697Z Or undo this operation with:
2026-03-30T09:26:21.3315269Z 
2026-03-30T09:26:21.3315599Z   git switch -
2026-03-30T09:26:21.3316118Z 
2026-03-30T09:26:21.3316929Z Turn off this advice by setting config variable advice.detachedHead to false
2026-03-30T09:26:21.3318141Z 
2026-03-30T09:26:21.3319383Z HEAD is now at 1e5569b Merge 17d93eaa929c01f056a5a098b9561d6aca1322b6 into 4288f775f0fd3f7b7e0c22cbd9cf0e3ec7cb5b88
2026-03-30T09:26:21.3323143Z ##[endgroup]
2026-03-30T09:26:21.3349244Z [command]/usr/bin/git log -1 --format='%H'
2026-03-30T09:26:21.3371190Z '1e5569bfb76f1c5dde10eace1c8ffc17bb33c6d4'
2026-03-30T09:26:21.3591541Z ##[group]Run git config user.name "github-actions[bot]"
2026-03-30T09:26:21.3592446Z [36;1mgit config user.name "github-actions[bot]"[0m
2026-03-30T09:26:21.3593315Z [36;1mgit config user.email "github-actions[bot]@users.noreply.github.com"[0m
2026-03-30T09:26:21.3594082Z [36;1m[0m
2026-03-30T09:26:21.3594590Z [36;1mif git fetch origin latest-ci 2>/dev/null; then[0m
2026-03-30T09:26:21.3595227Z [36;1m  git checkout latest-ci[0m
2026-03-30T09:26:21.3595753Z [36;1melse[0m
2026-03-30T09:26:21.3596242Z [36;1m  git checkout --orphan latest-ci[0m
2026-03-30T09:26:21.3596812Z [36;1m  git reset[0m
2026-03-30T09:26:21.3597244Z [36;1mfi[0m
2026-03-30T09:26:21.3597644Z [36;1m[0m
2026-03-30T09:26:21.3598240Z [36;1mecho "1e5569bfb76f1c5dde10eace1c8ffc17bb33c6d4" > commit.txt[0m
2026-03-30T09:26:21.3598972Z [36;1mgit add commit.txt[0m
2026-03-30T09:26:21.3599735Z [36;1mgit commit -m "Latest commit: 1e5569bfb76f1c5dde10eace1c8ffc17bb33c6d4"[0m
2026-03-30T09:26:21.3600848Z [36;1mgit push origin latest-ci[0m
2026-03-30T09:26:21.3632107Z shell: /usr/bin/bash -e {0}
2026-03-30T09:26:21.3632660Z ##[endgroup]
2026-03-30T09:26:21.7107286Z Previous HEAD position was 1e5569b Merge 17d93eaa929c01f056a5a098b9561d6aca1322b6 into 4288f775f0fd3f7b7e0c22cbd9cf0e3ec7cb5b88
2026-03-30T09:26:21.7112826Z Switched to a new branch 'latest-ci'
2026-03-30T09:26:21.7115694Z branch 'latest-ci' set up to track 'origin/latest-ci'.
2026-03-30T09:26:21.7183832Z [latest-ci f1d14e3] Latest commit: 1e5569bfb76f1c5dde10eace1c8ffc17bb33c6d4
2026-03-30T09:26:21.7185595Z  1 file changed, 1 insertion(+), 1 deletion(-)
2026-03-30T09:26:22.2469743Z To https://github.com/pkinerd/hpoll
2026-03-30T09:26:22.2470837Z    10c0d45..f1d14e3  latest-ci -> latest-ci
2026-03-30T09:26:22.2673997Z Post job cleanup.
2026-03-30T09:26:22.3612263Z [command]/usr/bin/git version
2026-03-30T09:26:22.3653978Z git version 2.53.0
2026-03-30T09:26:22.3702625Z Temporarily overriding HOME='/home/runner/work/_temp/981b62a6-69ae-43e2-bf87-98cf60abd0f7' before making global git config changes
2026-03-30T09:26:22.3705053Z Adding repository directory to the temporary git global config as a safe directory
2026-03-30T09:26:22.3708183Z [command]/usr/bin/git config --global --add safe.directory /home/runner/work/hpoll/hpoll
2026-03-30T09:26:22.3743369Z [command]/usr/bin/git config --local --name-only --get-regexp core\.sshCommand
2026-03-30T09:26:22.3775688Z [command]/usr/bin/git submodule foreach --recursive sh -c "git config --local --name-only --get-regexp 'core\.sshCommand' && git config --local --unset-all 'core.sshCommand' || :"
2026-03-30T09:26:22.3992500Z [command]/usr/bin/git config --local --name-only --get-regexp http\.https\:\/\/github\.com\/\.extraheader
2026-03-30T09:26:22.4012599Z http.https://github.com/.extraheader
2026-03-30T09:26:22.4025384Z [command]/usr/bin/git config --local --unset-all http.https://github.com/.extraheader
2026-03-30T09:26:22.4055397Z [command]/usr/bin/git submodule foreach --recursive sh -c "git config --local --name-only --get-regexp 'http\.https\:\/\/github\.com\/\.extraheader' && git config --local --unset-all 'http.https://github.com/.extraheader' || :"
2026-03-30T09:26:22.4421934Z Cleaning up orphan processes
2026-03-30T09:26:22.4836180Z ##[warning]Node.js 20 actions are deprecated. The following actions are running on Node.js 20 and may not work as expected: actions/checkout@692973e3d937129bcbf40652eb9f2f61becf3332. Actions will be forced to run with Node.js 24 by default starting June 2nd, 2026. Node.js 20 will be removed from the runner on September 16th, 2026. Please check if updated versions of these actions are available that support Node.js 24. To opt into Node.js 24 now, set the FORCE_JAVASCRIPT_ACTIONS_TO_NODE24=true environment variable on the runner or in your workflow file. Once Node.js 24 becomes the default, you can temporarily opt out by setting ACTIONS_ALLOW_USE_UNSECURE_NODE_VERSION=true. For more information see: https://github.blog/changelog/2025-09-19-deprecation-of-node-20-on-github-actions-runners/
