2026-03-29T16:33:37.6525130Z Current runner version: '2.333.0'
2026-03-29T16:33:37.6559410Z ##[group]Runner Image Provisioner
2026-03-29T16:33:37.6560643Z Hosted Compute Agent
2026-03-29T16:33:37.6561666Z Version: 20260213.493
2026-03-29T16:33:37.6562861Z Commit: 5c115507f6dd24b8de37d8bbe0bb4509d0cc0fa3
2026-03-29T16:33:37.6564016Z Build Date: 2026-02-13T00:28:41Z
2026-03-29T16:33:37.6565067Z Worker ID: {9613c750-3a35-46cb-b76d-df09a9333eae}
2026-03-29T16:33:37.6566535Z Azure Region: eastus
2026-03-29T16:33:37.6567404Z ##[endgroup]
2026-03-29T16:33:37.6569688Z ##[group]Operating System
2026-03-29T16:33:37.6570791Z Ubuntu
2026-03-29T16:33:37.6571615Z 24.04.4
2026-03-29T16:33:37.6572374Z LTS
2026-03-29T16:33:37.6573296Z ##[endgroup]
2026-03-29T16:33:37.6574123Z ##[group]Runner Image
2026-03-29T16:33:37.6575042Z Image: ubuntu-24.04
2026-03-29T16:33:37.6575926Z Version: 20260323.65.1
2026-03-29T16:33:37.6578356Z Included Software: https://github.com/actions/runner-images/blob/ubuntu24/20260323.65/images/ubuntu/Ubuntu2404-Readme.md
2026-03-29T16:33:37.6581211Z Image Release: https://github.com/actions/runner-images/releases/tag/ubuntu24%2F20260323.65
2026-03-29T16:33:37.6582769Z ##[endgroup]
2026-03-29T16:33:37.6584447Z ##[group]GITHUB_TOKEN Permissions
2026-03-29T16:33:37.6587669Z Contents: write
2026-03-29T16:33:37.6588667Z Metadata: read
2026-03-29T16:33:37.6589462Z ##[endgroup]
2026-03-29T16:33:37.6592395Z Secret source: Actions
2026-03-29T16:33:37.6593447Z Prepare workflow directory
2026-03-29T16:33:37.7071354Z Prepare all required actions
2026-03-29T16:33:37.7129785Z Getting action download info
2026-03-29T16:33:37.9038853Z Download action repository 'actions/checkout@692973e3d937129bcbf40652eb9f2f61becf3332' (SHA:692973e3d937129bcbf40652eb9f2f61becf3332)
2026-03-29T16:33:38.1538311Z Complete job name: Update Latest Commit
2026-03-29T16:33:38.2215885Z ##[group]Run actions/checkout@692973e3d937129bcbf40652eb9f2f61becf3332
2026-03-29T16:33:38.2217135Z with:
2026-03-29T16:33:38.2217523Z   repository: pkinerd/hpoll
2026-03-29T16:33:38.2218137Z   token: ***
2026-03-29T16:33:38.2218533Z   ssh-strict: true
2026-03-29T16:33:38.2218911Z   ssh-user: git
2026-03-29T16:33:38.2219306Z   persist-credentials: true
2026-03-29T16:33:38.2219729Z   clean: true
2026-03-29T16:33:38.2220119Z   sparse-checkout-cone-mode: true
2026-03-29T16:33:38.2220585Z   fetch-depth: 1
2026-03-29T16:33:38.2220962Z   fetch-tags: false
2026-03-29T16:33:38.2221352Z   show-progress: true
2026-03-29T16:33:38.2221737Z   lfs: false
2026-03-29T16:33:38.2222359Z   submodules: false
2026-03-29T16:33:38.2222750Z   set-safe-directory: true
2026-03-29T16:33:38.2223580Z ##[endgroup]
2026-03-29T16:33:38.3291736Z Syncing repository: pkinerd/hpoll
2026-03-29T16:33:38.3293435Z ##[group]Getting Git version info
2026-03-29T16:33:38.3294154Z Working directory is '/home/runner/work/hpoll/hpoll'
2026-03-29T16:33:38.3295026Z [command]/usr/bin/git version
2026-03-29T16:33:38.3344625Z git version 2.53.0
2026-03-29T16:33:38.3370066Z ##[endgroup]
2026-03-29T16:33:38.3383821Z Temporarily overriding HOME='/home/runner/work/_temp/da55b144-ffc5-4c1b-b629-e97ab3d275c2' before making global git config changes
2026-03-29T16:33:38.3385280Z Adding repository directory to the temporary git global config as a safe directory
2026-03-29T16:33:38.3389064Z [command]/usr/bin/git config --global --add safe.directory /home/runner/work/hpoll/hpoll
2026-03-29T16:33:38.3419110Z Deleting the contents of '/home/runner/work/hpoll/hpoll'
2026-03-29T16:33:38.3422713Z ##[group]Initializing the repository
2026-03-29T16:33:38.3426477Z [command]/usr/bin/git init /home/runner/work/hpoll/hpoll
2026-03-29T16:33:38.3515869Z hint: Using 'master' as the name for the initial branch. This default branch name
2026-03-29T16:33:38.3518267Z hint: will change to "main" in Git 3.0. To configure the initial branch name
2026-03-29T16:33:38.3519247Z hint: to use in all of your new repositories, which will suppress this warning,
2026-03-29T16:33:38.3519933Z hint: call:
2026-03-29T16:33:38.3520425Z hint:
2026-03-29T16:33:38.3520895Z hint: 	git config --global init.defaultBranch <name>
2026-03-29T16:33:38.3521732Z hint:
2026-03-29T16:33:38.3522257Z hint: Names commonly chosen instead of 'master' are 'main', 'trunk' and
2026-03-29T16:33:38.3523129Z hint: 'development'. The just-created branch can be renamed via this command:
2026-03-29T16:33:38.3523807Z hint:
2026-03-29T16:33:38.3524179Z hint: 	git branch -m <name>
2026-03-29T16:33:38.3524599Z hint:
2026-03-29T16:33:38.3525162Z hint: Disable this message with "git config set advice.defaultBranchName false"
2026-03-29T16:33:38.3526360Z Initialized empty Git repository in /home/runner/work/hpoll/hpoll/.git/
2026-03-29T16:33:38.3528396Z [command]/usr/bin/git remote add origin https://github.com/pkinerd/hpoll
2026-03-29T16:33:38.3557589Z ##[endgroup]
2026-03-29T16:33:38.3558286Z ##[group]Disabling automatic garbage collection
2026-03-29T16:33:38.3561660Z [command]/usr/bin/git config --local gc.auto 0
2026-03-29T16:33:38.3588538Z ##[endgroup]
2026-03-29T16:33:38.3589198Z ##[group]Setting up auth
2026-03-29T16:33:38.3595087Z [command]/usr/bin/git config --local --name-only --get-regexp core\.sshCommand
2026-03-29T16:33:38.3623646Z [command]/usr/bin/git submodule foreach --recursive sh -c "git config --local --name-only --get-regexp 'core\.sshCommand' && git config --local --unset-all 'core.sshCommand' || :"
2026-03-29T16:33:38.3899520Z [command]/usr/bin/git config --local --name-only --get-regexp http\.https\:\/\/github\.com\/\.extraheader
2026-03-29T16:33:38.3930012Z [command]/usr/bin/git submodule foreach --recursive sh -c "git config --local --name-only --get-regexp 'http\.https\:\/\/github\.com\/\.extraheader' && git config --local --unset-all 'http.https://github.com/.extraheader' || :"
2026-03-29T16:33:38.4144144Z [command]/usr/bin/git config --local http.https://github.com/.extraheader AUTHORIZATION: basic ***
2026-03-29T16:33:38.4178090Z ##[endgroup]
2026-03-29T16:33:38.4179125Z ##[group]Fetching the repository
2026-03-29T16:33:38.4187575Z [command]/usr/bin/git -c protocol.version=2 fetch --no-tags --prune --no-recurse-submodules --depth=1 origin +e5fc6b87cd32dabc47f20cb4d14bd18ea479705d:refs/remotes/pull/76/merge
2026-03-29T16:33:38.6203120Z From https://github.com/pkinerd/hpoll
2026-03-29T16:33:38.6206412Z  * [new ref]         e5fc6b87cd32dabc47f20cb4d14bd18ea479705d -> pull/76/merge
2026-03-29T16:33:38.6232723Z ##[endgroup]
2026-03-29T16:33:38.6233523Z ##[group]Determining the checkout info
2026-03-29T16:33:38.6234770Z ##[endgroup]
2026-03-29T16:33:38.6240039Z [command]/usr/bin/git sparse-checkout disable
2026-03-29T16:33:38.6277550Z [command]/usr/bin/git config --local --unset-all extensions.worktreeConfig
2026-03-29T16:33:38.6313174Z ##[group]Checking out the ref
2026-03-29T16:33:38.6313995Z [command]/usr/bin/git checkout --progress --force refs/remotes/pull/76/merge
2026-03-29T16:33:38.6499453Z Note: switching to 'refs/remotes/pull/76/merge'.
2026-03-29T16:33:38.6501280Z 
2026-03-29T16:33:38.6502126Z You are in 'detached HEAD' state. You can look around, make experimental
2026-03-29T16:33:38.6504104Z changes and commit them, and you can discard any commits you make in this
2026-03-29T16:33:38.6505450Z state without impacting any branches by switching back to a branch.
2026-03-29T16:33:38.6506575Z 
2026-03-29T16:33:38.6507038Z If you want to create a new branch to retain commits you create, you may
2026-03-29T16:33:38.6508171Z do so (now or later) by using -c with the switch command. Example:
2026-03-29T16:33:38.6509998Z 
2026-03-29T16:33:38.6510405Z   git switch -c <new-branch-name>
2026-03-29T16:33:38.6510832Z 
2026-03-29T16:33:38.6511066Z Or undo this operation with:
2026-03-29T16:33:38.6511431Z 
2026-03-29T16:33:38.6511634Z   git switch -
2026-03-29T16:33:38.6511991Z 
2026-03-29T16:33:38.6512459Z Turn off this advice by setting config variable advice.detachedHead to false
2026-03-29T16:33:38.6513174Z 
2026-03-29T16:33:38.6513999Z HEAD is now at e5fc6b8 Merge 0848cb8542be21d7e09733e7bb87ecba5d8dbde3 into 8b470afc36728803920ab6e4be0dfb293b04293b
2026-03-29T16:33:38.6516715Z ##[endgroup]
2026-03-29T16:33:38.6554981Z [command]/usr/bin/git log -1 --format='%H'
2026-03-29T16:33:38.6581502Z 'e5fc6b87cd32dabc47f20cb4d14bd18ea479705d'
2026-03-29T16:33:38.6862071Z ##[group]Run git config user.name "github-actions[bot]"
2026-03-29T16:33:38.6862976Z [36;1mgit config user.name "github-actions[bot]"[0m
2026-03-29T16:33:38.6863836Z [36;1mgit config user.email "github-actions[bot]@users.noreply.github.com"[0m
2026-03-29T16:33:38.6864609Z [36;1m[0m
2026-03-29T16:33:38.6865105Z [36;1mif git fetch origin latest-ci 2>/dev/null; then[0m
2026-03-29T16:33:38.6865761Z [36;1m  git checkout latest-ci[0m
2026-03-29T16:33:38.6866593Z [36;1melse[0m
2026-03-29T16:33:38.6867098Z [36;1m  git checkout --orphan latest-ci[0m
2026-03-29T16:33:38.6867657Z [36;1m  git reset[0m
2026-03-29T16:33:38.6868078Z [36;1mfi[0m
2026-03-29T16:33:38.6868455Z [36;1m[0m
2026-03-29T16:33:38.6869032Z [36;1mecho "e5fc6b87cd32dabc47f20cb4d14bd18ea479705d" > commit.txt[0m
2026-03-29T16:33:38.6869752Z [36;1mgit add commit.txt[0m
2026-03-29T16:33:38.6870483Z [36;1mgit commit -m "Latest commit: e5fc6b87cd32dabc47f20cb4d14bd18ea479705d"[0m
2026-03-29T16:33:38.6871294Z [36;1mgit push origin latest-ci[0m
2026-03-29T16:33:38.6902532Z shell: /usr/bin/bash -e {0}
2026-03-29T16:33:38.6903068Z ##[endgroup]
2026-03-29T16:33:38.9337732Z Previous HEAD position was e5fc6b8 Merge 0848cb8542be21d7e09733e7bb87ecba5d8dbde3 into 8b470afc36728803920ab6e4be0dfb293b04293b
2026-03-29T16:33:38.9344247Z Switched to a new branch 'latest-ci'
2026-03-29T16:33:38.9346953Z branch 'latest-ci' set up to track 'origin/latest-ci'.
2026-03-29T16:33:38.9410738Z [latest-ci 495b06e] Latest commit: e5fc6b87cd32dabc47f20cb4d14bd18ea479705d
2026-03-29T16:33:38.9411679Z  1 file changed, 1 insertion(+), 1 deletion(-)
2026-03-29T16:33:39.3587586Z To https://github.com/pkinerd/hpoll
2026-03-29T16:33:39.3588822Z    d0210d7..495b06e  latest-ci -> latest-ci
2026-03-29T16:33:39.3851137Z Post job cleanup.
2026-03-29T16:33:39.4795267Z [command]/usr/bin/git version
2026-03-29T16:33:39.4836811Z git version 2.53.0
2026-03-29T16:33:39.4879306Z Temporarily overriding HOME='/home/runner/work/_temp/7c2748de-f4af-40b6-8fa2-a518258d162e' before making global git config changes
2026-03-29T16:33:39.4882692Z Adding repository directory to the temporary git global config as a safe directory
2026-03-29T16:33:39.4886740Z [command]/usr/bin/git config --global --add safe.directory /home/runner/work/hpoll/hpoll
2026-03-29T16:33:39.4918636Z [command]/usr/bin/git config --local --name-only --get-regexp core\.sshCommand
2026-03-29T16:33:39.4950861Z [command]/usr/bin/git submodule foreach --recursive sh -c "git config --local --name-only --get-regexp 'core\.sshCommand' && git config --local --unset-all 'core.sshCommand' || :"
2026-03-29T16:33:39.5164102Z [command]/usr/bin/git config --local --name-only --get-regexp http\.https\:\/\/github\.com\/\.extraheader
2026-03-29T16:33:39.5185293Z http.https://github.com/.extraheader
2026-03-29T16:33:39.5198993Z [command]/usr/bin/git config --local --unset-all http.https://github.com/.extraheader
2026-03-29T16:33:39.5231665Z [command]/usr/bin/git submodule foreach --recursive sh -c "git config --local --name-only --get-regexp 'http\.https\:\/\/github\.com\/\.extraheader' && git config --local --unset-all 'http.https://github.com/.extraheader' || :"
2026-03-29T16:33:39.5571856Z Cleaning up orphan processes
2026-03-29T16:33:39.6038327Z ##[warning]Node.js 20 actions are deprecated. The following actions are running on Node.js 20 and may not work as expected: actions/checkout@692973e3d937129bcbf40652eb9f2f61becf3332. Actions will be forced to run with Node.js 24 by default starting June 2nd, 2026. Node.js 20 will be removed from the runner on September 16th, 2026. Please check if updated versions of these actions are available that support Node.js 24. To opt into Node.js 24 now, set the FORCE_JAVASCRIPT_ACTIONS_TO_NODE24=true environment variable on the runner or in your workflow file. Once Node.js 24 becomes the default, you can temporarily opt out by setting ACTIONS_ALLOW_USE_UNSECURE_NODE_VERSION=true. For more information see: https://github.blog/changelog/2025-09-19-deprecation-of-node-20-on-github-actions-runners/
